Determining if the pthread_create exist failed with the following output:
Change Dir: /home/fabs/gp7/kiwidetect/cmake-build-debug/CMakeFiles/CMakeTmp

Run Build Command(s):/usr/bin/make cmTC_7175c/fast 
/usr/bin/make -f CMakeFiles/cmTC_7175c.dir/build.make CMakeFiles/cmTC_7175c.dir/build
make[1]: Entering directory '/home/fabs/gp7/kiwidetect/cmake-build-debug/CMakeFiles/CMakeTmp'
Building C object CMakeFiles/cmTC_7175c.dir/CheckSymbolExists.c.o
/usr/bin/cc    -o CMakeFiles/cmTC_7175c.dir/CheckSymbolExists.c.o   -c /home/fabs/gp7/kiwidetect/cmake-build-debug/CMakeFiles/CMakeTmp/CheckSymbolExists.c
Linking C executable cmTC_7175c
/snap/clion/69/bin/cmake/linux/bin/cmake -E cmake_link_script CMakeFiles/cmTC_7175c.dir/link.txt --verbose=1
/usr/bin/cc    -static-libgcc -static-libstdc++  -rdynamic CMakeFiles/cmTC_7175c.dir/CheckSymbolExists.c.o  -o cmTC_7175c 
CMakeFiles/cmTC_7175c.dir/CheckSymbolExists.c.o: In function `main':
CheckSymbolExists.c:(.text+0x16): undefined reference to `pthread_create'
collect2: error: ld returned 1 exit status
CMakeFiles/cmTC_7175c.dir/build.make:86: recipe for target 'cmTC_7175c' failed
make[1]: *** [cmTC_7175c] Error 1
make[1]: Leaving directory '/home/fabs/gp7/kiwidetect/cmake-build-debug/CMakeFiles/CMakeTmp'
Makefile:121: recipe for target 'cmTC_7175c/fast' failed
make: *** [cmTC_7175c/fast] Error 2

File /home/fabs/gp7/kiwidetect/cmake-build-debug/CMakeFiles/CMakeTmp/CheckSymbolExists.c:
/* */
#include <pthread.h>

int main(int argc, char** argv)
{
  (void)argv;
#ifndef pthread_create
  return ((int*)(&pthread_create))[argc];
#else
  (void)argc;
  return 0;
#endif
}

